09:24:03.040 INFO  com.company.Main - Game started
09:24:04.739 INFO  com.company.Game - Mouse Click on 5 8
09:24:04.739 INFO  com.company.Game - Mouse Click on 5 5
09:24:04.740 INFO  com.company.Game - white
   P go from 5 8 to 5 5
09:24:04.742 INFO  com.company.Game - Mouse Click on 5 1
09:24:04.742 INFO  com.company.Game - Mouse Click on 5 4
09:24:04.743 INFO  com.company.Game - black
   P go from 5 1 to 5 4
09:24:05.639 INFO  com.company.Game - Mouse Click on 6 9
09:24:05.639 INFO  com.company.Game - Mouse Click on 2 5
09:24:05.640 INFO  com.company.Game - Mouse Click on 6 0
09:24:05.640 INFO  com.company.Game - Mouse Click on 2 4
09:24:05.743 INFO  com.company.Game - Mouse Click on 4 9
09:24:05.743 INFO  com.company.Game - Mouse Click on 6 7
09:24:06.143 INFO  com.company.Game - Mouse Click on 3
09:24:06.144 INFO  com.company.Game - Mouse Click on 0 2
09:24:06.145 INFO  com.company.Game - Mouse Click on 6 7
09:24:06.145 INFO  com.company.Game - Mouse Click on 6 1
09:25:59.856 INFO  com.company.Main - Game started
09:26:01.197 INFO  com.company.Game - Mouse Click on 5 8
09:26:01.197 INFO  com.company.Game - Mouse Click on 5 5
09:26:01.198 INFO  com.company.Game - white
   P go from 5 8 to 5 5
09:26:01.653 INFO  com.company.Game - Mouse Click on 5 1
09:26:01.653 INFO  com.company.Game - Mouse Click on 5 4
09:26:01.654 INFO  com.company.Game - black
   P go from 5 1 to 5 4
09:26:02.052 INFO  com.company.Game - Mouse Click on 6 9
09:26:02.052 INFO  com.company.Game - Mouse Click on 2 5
09:26:02.053 INFO  com.company.Game - white
   E go from 6 9 to 2 5
09:26:02.490 INFO  com.company.Game - Mouse Click on 6 0
09:26:02.490 INFO  com.company.Game - Mouse Click on 2 4
09:26:02.491 INFO  com.company.Game - black
   E go from 6 0 to 2 4
09:26:02.903 INFO  com.company.Game - Mouse Click on 4 9
09:26:02.903 INFO  com.company.Game - Mouse Click on 6 7
09:26:02.903 INFO  com.company.Game - white
   Q go from 4 9 to 6 7
09:26:03.389 INFO  com.company.Game - Mouse Click on 3
09:26:03.389 INFO  com.company.Game - Mouse Click on 0 2
09:26:03.390 INFO  com.company.Game - black
   M go from 3 to 0 2
09:26:03.921 INFO  com.company.Game - Mouse Click on 6 7
09:26:03.921 INFO  com.company.Game - Mouse Click on 6 1
09:26:03.921 INFO  com.company.Game - white
   Q go from 6 7 to 6 1
09:31:30.757 INFO  com.company.Main - Game started
09:31:32.066 INFO  com.company.Game - Mouse Click on 4 8
09:31:32.543 INFO  com.company.Game - Mouse Click on 4 5
09:31:32.544 INFO  com.company.Game - white
   P go from 4 8 to 4 5
09:31:33.094 INFO  com.company.Game - Mouse Click on 4 1
09:31:33.546 INFO  com.company.Game - Mouse Click on 4 4
09:31:33.546 INFO  com.company.Game - black
   P go from 4 1 to 4 4
09:31:34.593 INFO  com.company.Game - Mouse Click on 5 8
09:31:34.944 INFO  com.company.Game - Mouse Click on 5 5
09:31:34.945 INFO  com.company.Game - white
   P go from 5 8 to 5 5
09:31:35.508 INFO  com.company.Game - Mouse Click on 5 1
09:31:35.978 INFO  com.company.Game - Mouse Click on 5 4
09:31:35.979 INFO  com.company.Game - black
   P go from 5 1 to 5 4
09:33:13.636 INFO  com.company.Main - Game started
09:33:14.912 INFO  com.company.Game - Mouse Click on 5 8
09:33:14.912 INFO  com.company.Game - Mouse Click on 5 5
09:33:14.913 INFO  com.company.Game - white
   P go from 5 8 to 5 5
09:33:15.615 INFO  com.company.Game - Mouse Click on 5 1
09:33:15.615 INFO  com.company.Game - Mouse Click on 5 4
09:33:15.616 INFO  com.company.Game - black
   P go from 5 1 to 5 4
09:33:16.205 INFO  com.company.Game - Mouse Click on 6 9
09:33:16.205 INFO  com.company.Game - Mouse Click on 2 5
09:33:16.206 INFO  com.company.Game - white
   E go from 6 9 to 2 5
09:33:16.765 INFO  com.company.Game - Mouse Click on 6 0
09:33:16.766 INFO  com.company.Game - Mouse Click on 2 4
09:33:16.766 INFO  com.company.Game - black
   E go from 6 0 to 2 4
09:33:17.332 INFO  com.company.Game - Mouse Click on 4 9
09:33:17.332 INFO  com.company.Game - Mouse Click on 6 7
09:33:17.333 INFO  com.company.Game - white
   Q go from 4 9 to 6 7
09:33:18.160 INFO  com.company.Game - Mouse Click on 3
09:33:18.160 INFO  com.company.Game - Mouse Click on 0 2
09:33:18.161 INFO  com.company.Game - black
   M go from 3 to 0 2
09:33:18.827 INFO  com.company.Game - Mouse Click on 6 7
09:33:18.827 INFO  com.company.Game - Mouse Click on 6 1
09:33:18.827 INFO  com.company.Game - white
   Q go from 6 7 to 6 1
