11:58:49.023 INFO  com.company.Main - Game started
11:58:52.215 INFO  com.company.Game - Mouse Click on 5 8
11:58:52.495 INFO  com.company.Game - Mouse Click on 5 6
11:58:52.496 INFO  com.company.Game - white
   P go from 5 8 to 5 6
11:59:15.962 INFO  com.company.Main - Game started
11:59:42.499 INFO  com.company.Main - Game started
12:00:00.040 INFO  com.company.Main - Game started
12:06:23.994 INFO  com.company.Main - Game started
12:06:24.910 INFO  com.company.Game - Mouse Click on 7 8
12:06:25.107 INFO  com.company.Game - Mouse Click on 7 7
12:06:25.109 INFO  com.company.Game - white
   P go from 7 8 to 7 7
12:06:25.961 INFO  com.company.Game - Mouse Click on 4 1
12:06:26.220 INFO  com.company.Game - Mouse Click on 4 3
12:06:26.221 INFO  com.company.Game - black
   P go from 4 1 to 4 3
12:31:55.816 INFO  com.company.Main - Game started
12:32:00.077 INFO  com.company.Game - Mouse Click on 4 8
12:32:00.396 INFO  com.company.Game - Mouse Click on 4 6
12:32:00.398 INFO  com.company.Game - white
   P go from 4 8 to 4 6
12:32:01.116 INFO  com.company.Game - Mouse Click on 5 1
12:32:01.560 INFO  com.company.Game - Mouse Click on 5 4
12:32:01.561 INFO  com.company.Game - black
   P go from 5 1 to 5 4
12:34:30.341 INFO  com.company.Main - Game started
12:35:14.120 INFO  com.company.Main - Game started
12:35:34.805 INFO  com.company.Main - Game started
12:35:37.511 INFO  com.company.Main - Game started
12:36:13.943 INFO  com.company.Main - Game started
12:36:31.363 INFO  com.company.Main - Game started
12:38:55.842 INFO  com.company.Main - Game started
12:47:11.049 INFO  com.company.Main - Game started
12:47:18.343 INFO  com.company.Game - Mouse Click on 5 8
12:47:18.838 INFO  com.company.Game - Mouse Click on 5 7
12:47:20.160 INFO  com.company.Game - Mouse Click on 6 1
12:47:20.365 INFO  com.company.Game - Mouse Click on 6 2
12:47:56.799 INFO  com.company.Game - Mouse Click on 5 8
12:47:57.028 INFO  com.company.Game - Mouse Click on 5 7
12:47:57.472 INFO  com.company.Game - Mouse Click on 5 8
12:47:57.676 INFO  com.company.Game - Mouse Click on 5 7
12:48:06.455 INFO  com.company.Main - Game started
12:48:55.727 INFO  com.company.Game - Mouse Click on 6 8
12:48:56.008 INFO  com.company.Game - Mouse Click on 6 7
12:48:56.758 INFO  com.company.Game - Mouse Click on 5 8
12:48:56.984 INFO  com.company.Game - Mouse Click on 5 7
12:51:49.807 INFO  com.company.Main - Game started
12:52:06.434 INFO  com.company.Game - Mouse Click on 5 8
12:52:06.861 INFO  com.company.Game - Mouse Click on 5 7
12:52:07.669 INFO  com.company.Game - Mouse Click on 4 8
12:52:07.886 INFO  com.company.Game - Mouse Click on 4 7
12:52:11.580 INFO  com.company.Game - Mouse Click on 5 8
12:52:11.580 INFO  com.company.Game - Mouse Click on 5 5
12:52:11.581 INFO  com.company.Game - white
   P go from 5 8 to 5 5
12:52:12.583 INFO  com.company.Game - Mouse Click on 5 1
12:52:12.583 INFO  com.company.Game - Mouse Click on 5 4
12:52:12.584 INFO  com.company.Game - black
   P go from 5 1 to 5 4
12:52:13.585 INFO  com.company.Game - Mouse Click on 6 9
12:52:13.585 INFO  com.company.Game - Mouse Click on 2 5
12:52:13.585 INFO  com.company.Game - white
   E go from 6 9 to 2 5
12:52:14.589 INFO  com.company.Game - Mouse Click on 6 0
12:52:14.589 INFO  com.company.Game - Mouse Click on 2 4
12:52:14.589 INFO  com.company.Game - black
   E go from 6 0 to 2 4
12:52:15.591 INFO  com.company.Game - Mouse Click on 4 9
12:52:15.591 INFO  com.company.Game - Mouse Click on 6 7
12:52:15.591 INFO  com.company.Game - white
   Q go from 4 9 to 6 7
12:52:16.592 INFO  com.company.Game - Mouse Click on 3
12:52:16.592 INFO  com.company.Game - Mouse Click on 0 2
12:52:16.592 INFO  com.company.Game - black
   M go from 3 to 0 2
12:52:17.593 INFO  com.company.Game - Mouse Click on 6 7
12:52:17.593 INFO  com.company.Game - Mouse Click on 6 1
12:52:17.593 INFO  com.company.Game - white
   Q go from 6 7 to 6 1
13:11:48.664 INFO  com.company.Main - Game started
13:11:56.517 INFO  com.company.Game - Mouse Click on 4 8
13:11:56.996 INFO  com.company.Game - Mouse Click on 4 7
13:15:28.246 INFO  com.company.Main - Game started
13:15:29.395 INFO  com.company.Game - Mouse Click on 5 8
13:15:29.725 INFO  com.company.Game - Mouse Click on 5 7
13:15:29.726 INFO  com.company.Game - white
   P go from 5 8 to 5 7
13:15:30.479 INFO  com.company.Game - Mouse Click on 5 1
13:15:30.810 INFO  com.company.Game - Mouse Click on 5 3
13:15:30.811 INFO  com.company.Game - black
   P go from 5 1 to 5 3
13:17:56.768 INFO  com.company.Main - Game started
13:18:05.355 INFO  com.company.Game - Mouse Click on 4 8
13:18:05.708 INFO  com.company.Game - Mouse Click on 4 7
13:18:05.709 INFO  com.company.Game - white
   P go from 4 8 to 4 7
13:18:06.810 INFO  com.company.Game - Mouse Click on 5 1
13:18:07.045 INFO  com.company.Game - Mouse Click on 5 2
13:18:07.046 INFO  com.company.Game - black
   P go from 5 1 to 5 2
13:19:01.574 INFO  com.company.Game - Mouse Click on 5 8
13:19:01.900 INFO  com.company.Game - Mouse Click on 5 6
13:19:01.900 INFO  com.company.Game - white
   P go from 5 8 to 5 6
13:19:03.745 INFO  com.company.Game - Mouse Click on 5 8
13:19:03.745 INFO  com.company.Game - Mouse Click on 5 5
13:19:03.745 INFO  com.company.Game - white
   P go from 5 8 to 5 5
13:19:04.747 INFO  com.company.Game - Mouse Click on 5 1
13:19:04.747 INFO  com.company.Game - Mouse Click on 5 4
13:19:04.747 INFO  com.company.Game - black
   P go from 5 1 to 5 4
13:19:05.751 INFO  com.company.Game - Mouse Click on 6 9
13:19:05.751 INFO  com.company.Game - Mouse Click on 2 5
13:19:05.751 INFO  com.company.Game - white
   E go from 6 9 to 2 5
13:19:06.755 INFO  com.company.Game - Mouse Click on 6 0
13:19:06.755 INFO  com.company.Game - Mouse Click on 2 4
13:19:06.755 INFO  com.company.Game - black
   E go from 6 0 to 2 4
13:19:07.756 INFO  com.company.Game - Mouse Click on 4 9
13:19:07.756 INFO  com.company.Game - Mouse Click on 6 7
13:19:07.756 INFO  com.company.Game - white
   Q go from 4 9 to 6 7
13:19:08.759 INFO  com.company.Game - Mouse Click on 3
13:19:08.759 INFO  com.company.Game - Mouse Click on 0 2
13:19:08.759 INFO  com.company.Game - black
   M go from 3 to 0 2
13:19:09.760 INFO  com.company.Game - Mouse Click on 6 7
13:19:09.760 INFO  com.company.Game - Mouse Click on 6 1
13:19:09.760 INFO  com.company.Game - white
   Q go from 6 7 to 6 1
13:21:52.731 INFO  com.company.Main - Game started
13:21:55.651 INFO  com.company.Game - Mouse Click on 4 8
13:21:55.874 INFO  com.company.Game - Mouse Click on 4 7
13:21:55.875 INFO  com.company.Game - white
   P go from 4 8 to 4 7
13:21:56.613 INFO  com.company.Game - Mouse Click on 6 1
13:21:56.945 INFO  com.company.Game - Mouse Click on 6 4
13:21:56.946 INFO  com.company.Game - black
   P go from 6 1 to 6 4
13:22:04.714 INFO  com.company.Game - Mouse Click on 5 8
13:22:04.977 INFO  com.company.Game - Mouse Click on 5 7
13:22:05.927 INFO  com.company.Game - Mouse Click on 5 1
13:22:06.167 INFO  com.company.Game - Mouse Click on 5 2
13:22:06.871 INFO  com.company.Game - Mouse Click on 3 1
13:22:07.078 INFO  com.company.Game - Mouse Click on 3 2
13:22:18.448 INFO  com.company.Game - Mouse Click on 5 8
13:22:18.448 INFO  com.company.Game - Mouse Click on 5 5
13:22:18.448 INFO  com.company.Game - white
   P go from 5 8 to 5 5
13:22:19.450 INFO  com.company.Game - Mouse Click on 5 1
13:22:19.450 INFO  com.company.Game - Mouse Click on 5 4
13:22:19.450 INFO  com.company.Game - black
   P go from 5 1 to 5 4
13:22:20.453 INFO  com.company.Game - Mouse Click on 6 9
13:22:20.453 INFO  com.company.Game - Mouse Click on 2 5
13:22:20.453 INFO  com.company.Game - white
   E go from 6 9 to 2 5
13:22:21.456 INFO  com.company.Game - Mouse Click on 6 0
13:22:21.456 INFO  com.company.Game - Mouse Click on 2 4
13:22:21.456 INFO  com.company.Game - black
   E go from 6 0 to 2 4
13:22:22.458 INFO  com.company.Game - Mouse Click on 4 9
13:22:22.458 INFO  com.company.Game - Mouse Click on 6 7
13:22:22.458 INFO  com.company.Game - white
   Q go from 4 9 to 6 7
13:22:23.459 INFO  com.company.Game - Mouse Click on 3
13:22:23.459 INFO  com.company.Game - Mouse Click on 0 2
13:22:23.459 INFO  com.company.Game - black
   M go from 3 to 0 2
13:22:24.461 INFO  com.company.Game - Mouse Click on 6 7
13:22:24.461 INFO  com.company.Game - Mouse Click on 6 1
13:22:24.461 INFO  com.company.Game - white
   Q go from 6 7 to 6 1
13:22:24.469 INFO  com.company.Game - Mouse Click on 5 1
13:22:24.472 INFO  com.company.Game - Mouse Click on 5 1
13:22:24.478 INFO  com.company.Game - Mouse Click on 4 1
13:22:24.480 INFO  com.company.Game - Mouse Click on 4 1
13:22:24.481 INFO  com.company.Game - Mouse Click on 4 0
13:23:07.349 INFO  com.company.Main - Game started
13:23:07.981 INFO  com.company.Game - Mouse Click on 0 8
13:23:08.159 INFO  com.company.Game - Mouse Click on 0 7
13:23:08.160 INFO  com.company.Game - white
   P go from 0 8 to 0 7
13:23:14.420 INFO  com.company.Game - Mouse Click on 1 1
13:23:14.628 INFO  com.company.Game - Mouse Click on 1 2
13:23:15.302 INFO  com.company.Game - Mouse Click on 1 1
13:23:15.505 INFO  com.company.Game - Mouse Click on 1 2
13:23:15.740 INFO  com.company.Game - Mouse Click on 2 1
13:23:15.925 INFO  com.company.Game - Mouse Click on 2 2
13:23:16.492 INFO  com.company.Game - Mouse Click on 1 8
13:23:16.695 INFO  com.company.Game - Mouse Click on 1 7
13:23:17.425 INFO  com.company.Game - Mouse Click on 0 1
13:23:17.616 INFO  com.company.Game - Mouse Click on 0 2
13:23:45.277 INFO  com.company.Main - Game started
13:23:45.888 INFO  com.company.Game - Mouse Click on 7 8
13:23:46.061 INFO  com.company.Game - Mouse Click on 7 7
13:23:46.062 INFO  com.company.Game - white
   P go from 7 8 to 7 7
13:23:54.143 INFO  com.company.Game - Mouse Click on 6 1
13:23:54.431 INFO  com.company.Game - Mouse Click on 6 2
13:23:54.937 INFO  com.company.Game - Mouse Click on 5 1
13:23:55.162 INFO  com.company.Game - Mouse Click on 3 1
13:23:55.362 INFO  com.company.Game - Mouse Click on 3 5
13:23:55.536 INFO  com.company.Game - Mouse Click on 3 7
13:23:55.707 INFO  com.company.Game - Mouse Click on 3 8
13:23:55.890 INFO  com.company.Game - Mouse Click on 7 8
13:23:56.044 INFO  com.company.Game - Mouse Click on 9 7
13:23:56.195 INFO  com.company.Game - Mouse Click on 9 5
13:23:56.362 INFO  com.company.Game - Mouse Click on 6 2
13:23:56.950 INFO  com.company.Game - Mouse Click on 9 0
13:23:57.120 INFO  com.company.Game - Mouse Click on 4 4
13:23:57.289 INFO  com.company.Game - Mouse Click on 1 8
13:23:57.563 INFO  com.company.Game - Mouse Click on 2 0
13:23:57.837 INFO  com.company.Game - Mouse Click on 5 4
13:23:58.141 INFO  com.company.Game - Mouse Click on 5 4
13:24:01.352 INFO  com.company.Game - Mouse Click on 5 8
13:24:01.352 INFO  com.company.Game - Mouse Click on 5 5
13:24:01.352 INFO  com.company.Game - white
   P go from 5 8 to 5 5
13:24:02.356 INFO  com.company.Game - Mouse Click on 5 1
13:24:02.356 INFO  com.company.Game - Mouse Click on 5 4
13:24:02.356 INFO  com.company.Game - black
   P go from 5 1 to 5 4
13:24:03.361 INFO  com.company.Game - Mouse Click on 6 9
13:24:03.361 INFO  com.company.Game - Mouse Click on 2 5
13:24:03.361 INFO  com.company.Game - white
   E go from 6 9 to 2 5
13:24:04.363 INFO  com.company.Game - Mouse Click on 6 0
13:24:04.363 INFO  com.company.Game - Mouse Click on 2 4
13:24:04.363 INFO  com.company.Game - black
   E go from 6 0 to 2 4
13:24:05.365 INFO  com.company.Game - Mouse Click on 4 9
13:24:05.365 INFO  com.company.Game - Mouse Click on 6 7
13:24:05.365 INFO  com.company.Game - white
   Q go from 4 9 to 6 7
13:24:06.367 INFO  com.company.Game - Mouse Click on 3
13:24:06.367 INFO  com.company.Game - Mouse Click on 0 2
13:24:06.367 INFO  com.company.Game - black
   M go from 3 to 0 2
13:24:07.369 INFO  com.company.Game - Mouse Click on 6 7
13:24:07.369 INFO  com.company.Game - Mouse Click on 6 1
13:24:07.369 INFO  com.company.Game - white
   Q go from 6 7 to 6 1
13:24:30.327 INFO  com.company.Game - Mouse Click on 9 9
13:24:30.667 INFO  com.company.Game - Mouse Click on 9 8
13:24:30.932 INFO  com.company.Game - Mouse Click on 9 7
13:24:31.243 INFO  com.company.Game - Mouse Click on 8 8
13:24:31.456 INFO  com.company.Game - Mouse Click on 8 7
13:24:31.638 INFO  com.company.Game - Mouse Click on 8 7
13:24:31.902 INFO  com.company.Game - Mouse Click on 7 5
13:24:32.133 INFO  com.company.Game - Mouse Click on 5 4
13:24:32.303 INFO  com.company.Game - Mouse Click on 5 4
13:24:32.452 INFO  com.company.Game - Mouse Click on 5 6
13:24:33.148 INFO  com.company.Game - Mouse Click on 2 5
13:24:33.345 INFO  com.company.Game - Mouse Click on 3 4
13:24:34.329 INFO  com.company.Game - Mouse Click on 0 8
13:24:34.527 INFO  com.company.Game - Mouse Click on 0 7
13:24:34.715 INFO  com.company.Game - Mouse Click on 1 8
13:24:34.884 INFO  com.company.Game - Mouse Click on 1 7
13:24:35.452 INFO  com.company.Game - Mouse Click on 1 1
13:24:35.667 INFO  com.company.Game - Mouse Click on 1 2
13:24:35.668 INFO  com.company.Game - black
   P go from 1 1 to 1 2
13:24:38.081 INFO  com.company.Game - Mouse Click on 2 1
13:24:38.286 INFO  com.company.Game - Mouse Click on 2 2
13:24:41.150 INFO  com.company.Game - Mouse Click on 1 8
13:24:41.315 INFO  com.company.Game - Mouse Click on 1 7
13:24:41.316 INFO  com.company.Game - white
   P go from 1 8 to 1 7
13:24:45.742 INFO  com.company.Game - Mouse Click on 2 1
13:24:46.017 INFO  com.company.Game - Mouse Click on 2 2
13:24:46.017 INFO  com.company.Game - black
   P go from 2 1 to 2 2
13:24:48.281 INFO  com.company.Game - Mouse Click on 3 1
13:24:48.570 INFO  com.company.Game - Mouse Click on 3 2
13:24:49.496 INFO  com.company.Game - Mouse Click on 0 8
13:24:49.726 INFO  com.company.Game - Mouse Click on 0 7
13:24:49.727 INFO  com.company.Game - white
   P go from 0 8 to 0 7
13:24:51.239 INFO  com.company.Game - Mouse Click on 1 7
13:24:51.456 INFO  com.company.Game - Mouse Click on 1 6
13:24:52.175 INFO  com.company.Game - Mouse Click on 1 2
13:24:52.394 INFO  com.company.Game - Mouse Click on 1 2
13:24:52.859 INFO  com.company.Game - Mouse Click on 1 3
13:24:52.860 INFO  com.company.Game - black
   P go from 1 2 to 1 3
13:24:55.331 INFO  com.company.Game - Mouse Click on 0 7
13:24:55.625 INFO  com.company.Game - Mouse Click on 0 6
13:24:55.625 INFO  com.company.Game - white
   P go from 0 7 to 0 6
13:25:56.655 INFO  com.company.Main - Game started
13:27:30.391 INFO  com.company.Main - Game started
13:27:47.099 INFO  com.company.Game - Mouse Click on 5 8
13:27:47.308 INFO  com.company.Game - Mouse Click on 5 7
13:27:47.309 INFO  com.company.Game - white
   P go from 5 8 to 5 7
13:27:47.880 INFO  com.company.Game - Mouse Click on 4 1
13:27:48.074 INFO  com.company.Game - Mouse Click on 4 2
13:27:48.075 INFO  com.company.Game - black
   P go from 4 1 to 4 2
13:28:33.044 INFO  com.company.Main - Game started
13:28:37.165 INFO  com.company.Game - Mouse Click on 3 8
13:28:37.346 INFO  com.company.Game - Mouse Click on 3 7
13:28:37.347 INFO  com.company.Game - white
   P go from 3 8 to 3 7
13:28:38.000 INFO  com.company.Game - Mouse Click on 7 1
13:28:38.198 INFO  com.company.Game - Mouse Click on 6 2
13:28:38.613 INFO  com.company.Game - Mouse Click on 7 2
13:28:38.614 INFO  com.company.Game - black
   P go from 7 1 to 7 2
13:29:55.150 INFO  com.company.Main - Game started
13:29:58.220 INFO  com.company.Game - Mouse Click on 4 8
13:29:58.497 INFO  com.company.Game - Mouse Click on 4 7
13:29:58.498 INFO  com.company.Game - white
   P go from 4 8 to 4 7
13:29:59.144 INFO  com.company.Game - Mouse Click on 6 1
13:29:59.713 INFO  com.company.Game - Mouse Click on 6 2
13:29:59.714 INFO  com.company.Game - black
   P go from 6 1 to 6 2
13:30:03.840 INFO  com.company.Main - save save2 made
13:30:06.547 INFO  com.company.Game - Mouse Click on 2 8
13:30:06.730 INFO  com.company.Game - Mouse Click on 2 7
13:30:07.307 INFO  com.company.Game - Mouse Click on 3 1
13:30:07.494 INFO  com.company.Game - Mouse Click on 3 2
13:30:35.951 INFO  com.company.Main - Game started
13:30:39.709 INFO  com.company.Main - save save3 made
13:39:20.200 INFO  com.company.Main - Game started
13:39:29.305 INFO  com.company.Game - Mouse Click on 1 8
13:39:29.565 INFO  com.company.Game - Mouse Click on 1 7
13:39:29.566 INFO  com.company.Game - white
   P go from 1 8 to 1 7
13:39:30.176 INFO  com.company.Game - Mouse Click on 3 1
13:39:30.375 INFO  com.company.Game - Mouse Click on 3 2
13:39:30.376 INFO  com.company.Game - black
   P go from 3 1 to 3 2
13:40:15.558 INFO  com.company.Main - Game started
13:40:36.297 INFO  com.company.Main - xyiny
13:40:37.225 INFO  com.company.Game - Mouse Click on 4 8
13:40:37.407 INFO  com.company.Game - Mouse Click on 4 7
13:40:37.408 INFO  com.company.Game - white
   P go from 4 8 to 4 7
13:41:05.620 INFO  com.company.Main - Game started
13:41:07.543 INFO  com.company.Main - save save1 loaded
13:41:25.486 INFO  com.company.Main - Game started
13:41:29.721 INFO  com.company.Game - Mouse Click on 1
13:41:30.053 INFO  com.company.Game - Mouse Click on 9 7
13:41:30.054 INFO  com.company.Game - white
   M go from 1 to 9 7
13:41:31.234 INFO  com.company.Main - save save1 loaded
13:50:05.503 INFO  com.company.Main - Game started
13:54:47.721 INFO  com.company.Main - Game started
14:01:43.737 INFO  com.company.Main - Game started
14:01:44.852 INFO  com.company.Game - Mouse Click on 5 8
14:01:45.215 INFO  com.company.Game - Mouse Click on 5 6
14:01:45.216 INFO  com.company.Game - white
   P go from 5 8 to 5 6
14:01:48.632 INFO  com.company.Main - save save2 made
14:02:40.685 INFO  com.company.Main - Game started
14:02:54.232 INFO  com.company.Game - Mouse Click on 3 8
14:02:54.471 INFO  com.company.Game - Mouse Click on 3 7
14:02:54.472 INFO  com.company.Game - white
   P go from 3 8 to 3 7
14:02:55.019 INFO  com.company.Game - Mouse Click on 5 1
14:02:55.222 INFO  com.company.Game - Mouse Click on 5 2
14:02:55.222 INFO  com.company.Game - black
   P go from 5 1 to 5 2
14:05:14.468 INFO  com.company.Main - Game started
14:05:15.314 INFO  com.company.Game - Mouse Click on 7 8
14:05:15.819 INFO  com.company.Game - Mouse Click on 7 7
14:05:15.820 INFO  com.company.Game - white
   P go from 7 8 to 7 7
14:05:19.839 INFO  com.company.Main - save save3 made
14:05:23.760 INFO  com.company.Main - Game started
14:06:45.404 INFO  com.company.Main - Game started
14:06:46.679 INFO  com.company.Game - Mouse Click on 0 7
14:06:46.858 INFO  com.company.Game - Mouse Click on 0 7
14:06:47.232 INFO  com.company.Game - Mouse Click on 0 8
14:06:47.419 INFO  com.company.Game - Mouse Click on 0 6
14:06:47.420 INFO  com.company.Game - white
   P go from 0 8 to 0 6
14:06:50.368 INFO  com.company.Main - save save4 made
14:06:53.751 INFO  com.company.Main - Game started
14:08:08.094 INFO  com.company.Main - Game started
14:08:23.080 INFO  com.company.Main - Game started
14:08:26.235 INFO  com.company.Game - Mouse Click on 1 8
14:08:26.414 INFO  com.company.Game - Mouse Click on 1 7
14:08:26.415 INFO  com.company.Game - white
   P go from 1 8 to 1 7
14:08:27.194 INFO  com.company.Game - Mouse Click on 6 1
14:08:27.464 INFO  com.company.Game - Mouse Click on 6 1
14:08:27.828 INFO  com.company.Game - Mouse Click on 6 2
14:08:27.829 INFO  com.company.Game - black
   P go from 6 1 to 6 2
14:15:06.900 INFO  com.company.Main - Game started
14:15:07.579 INFO  com.company.Main - Game started
14:15:17.497 INFO  com.company.Main - Game started
14:15:32.982 INFO  com.company.Main - Game started
14:15:38.328 INFO  com.company.Main - save save5 made
14:15:43.085 INFO  com.company.Main - Game started
14:19:35.372 INFO  com.company.Main - Game started
14:19:39.692 INFO  com.company.Main - save save6 made
14:19:44.169 INFO  com.company.Main - Game started
14:22:08.088 INFO  com.company.Main - Game started
